2025-07-13 12:10:15,804 - INFO - ============================================================
2025-07-13 12:10:15,806 - INFO - Processing: extracted_data_001_kommander_ka104.json
2025-07-13 12:10:15,807 - INFO - Processing: extracted_data_002_kommander_ka208.json
2025-07-13 12:10:15,808 - INFO - Processing: extracted_data_003_kommander_ka24.json
2025-07-13 12:10:15,808 - INFO - Processing: extracted_data_004_kommander_ka84.json
2025-07-13 12:10:15,809 - INFO - Processing: extracted_data_005_kommander_ka68.json
2025-07-13 12:10:15,810 - INFO - Processing: extracted_data_006_kommander_ka02i.json
2025-07-13 12:10:15,812 - INFO - Processing: extracted_data_007_kommander_ka14i.json
2025-07-13 12:10:15,813 - INFO - Processing: extracted_data_008_kommander_ka28.json
2025-07-13 12:10:15,814 - INFO - Processing: extracted_data_009_kommander_ka02.json
2025-07-13 12:10:15,814 - INFO - Processing: extracted_data_010_kommander_ka14.json
2025-07-13 12:10:15,815 - INFO - Processing: extracted_data_011_kommander_ka34.json
2025-07-13 12:10:15,816 - INFO - Processing: extracted_data_012_kommander_ka18.json
2025-07-13 12:10:15,817 - INFO - Processing: extracted_data_013_kommander_ka04.json
2025-07-13 12:10:15,818 - INFO - Processing: extracted_data_014_kommander_ka18_plus.json
2025-07-13 12:10:15,818 - INFO - Processing: extracted_data_015_kommander_ka28_plus.json
2025-07-13 12:10:15,819 - INFO - Processing: extracted_data_016_kommander_ka68_plus.json
2025-07-13 12:10:15,821 - INFO - Processing: extracted_data_017_kommander_ka104live.json
2025-07-13 12:10:15,821 - INFO - Processing: extracted_data_018_kommander_ka208live.json
2025-07-13 12:10:15,822 - INFO - Processing: extracted_data_019_kommander_ka208_plus.json
2025-07-13 12:10:15,823 - INFO - Processing: extracted_data_020_kommander_ka208live_plus.json
2025-07-13 12:10:15,824 - INFO - Processing: extracted_data_021_tornado_kt2.json
2025-07-13 12:10:15,824 - INFO - Processing: extracted_data_022_tornado_kt2c.json
2025-07-13 12:10:15,825 - INFO - Processing: extracted_data_023_kobra_kk52_i.json
2025-07-13 12:10:15,826 - INFO - Processing: extracted_data_024_kobra_kk102_i.json
2025-07-13 12:10:15,827 - INFO - Processing: extracted_data_025_python_kp52_i.json
2025-07-13 12:10:15,828 - INFO - Processing: extracted_data_026_python_kp102_i.json
2025-07-13 12:10:15,829 - INFO - Processing: extracted_data_027_thunder_kmt18p.json
2025-07-13 12:10:15,829 - INFO - Processing: extracted_data_028_thunder_ks2pi.json
2025-07-13 12:10:15,830 - INFO - Processing: extracted_data_029_thunder_kmt12p.json
2025-07-13 12:10:15,831 - INFO - Processing: extracted_data_030_thunder_ks5i.json
2025-07-13 12:10:15,832 - INFO - Processing: extracted_data_031_thunder_ks3i.json
2025-07-13 12:10:15,832 - INFO - Processing: extracted_data_032_thunder_ks3pi.json
2025-07-13 12:10:15,834 - INFO - Processing: extracted_data_033_thunder_ks4i.json
2025-07-13 12:10:15,834 - INFO - Processing: extracted_data_034_thunder_ks4pi.json
2025-07-13 12:10:15,835 - INFO - Processing: extracted_data_035_thunder_kmt218.json
2025-07-13 12:10:15,836 - INFO - Processing: extracted_data_036_thunder_kmt18i.json
2025-07-13 12:10:15,837 - INFO - Processing: extracted_data_037_thunder_ks2i.json
2025-07-13 12:10:15,838 - INFO - Processing: extracted_data_038_thunder_kmt21_i.json
2025-07-13 12:10:15,838 - INFO - Processing: extracted_data_039_thunder_ks5pi.json
2025-07-13 12:10:15,839 - INFO - Processing: extracted_data_040_thunder_ks1i.json
2025-07-13 12:10:15,840 - INFO - Processing: extracted_data_041_thunder_kmt21p.json
2025-07-13 12:10:15,841 - INFO - Processing: extracted_data_042_thunder_kmt12_i.json
2025-07-13 12:10:15,842 - INFO - Processing: extracted_data_043_thunder_ks1pi.json
2025-07-13 12:10:15,842 - INFO - Processing: extracted_data_044_thunder_ksc18p.json
2025-07-13 12:10:15,843 - INFO - Processing: extracted_data_045_thunder_kmt218p.json
2025-07-13 12:10:15,844 - INFO - Processing: extracted_data_046_thunder_ksc12p.json
2025-07-13 12:10:15,845 - INFO - Processing: extracted_data_047_thunder_ksc18p.json
2025-07-13 12:10:15,846 - INFO - Processing: extracted_data_048_lyzard_kz14i.json
2025-07-13 12:10:15,846 - INFO - Processing: extracted_data_049_lyzard_kz14.json
2025-07-13 12:10:15,848 - INFO - Processing: extracted_data_050_lyzard_kz14ri.json
2025-07-13 12:10:15,848 - INFO - Processing: extracted_data_051_lyzard_kz1i.json
2025-07-13 12:10:15,849 - INFO - Processing: extracted_data_052_lyzard_kz1.json
2025-07-13 12:10:15,850 - INFO - Processing: extracted_data_053_lyzard_kz1ri.json
2025-07-13 12:10:15,851 - INFO - Processing: extracted_data_054_lyzard_kz14.json
2025-07-13 12:10:15,851 - INFO - Processing: extracted_data_055_vyper_kv25ii.json
2025-07-13 12:10:15,852 - INFO - Processing: extracted_data_056_vyper_kv25l.json
2025-07-13 12:10:15,853 - INFO - Processing: extracted_data_057_vyper_kv52l.json
2025-07-13 12:10:15,854 - INFO - Processing: extracted_data_058_vyper_kv52rii.json
2025-07-13 12:10:15,855 - INFO - Processing: extracted_data_059_vyper_kv52fii.json
2025-07-13 12:10:15,856 - INFO - Processing: extracted_data_060_vyper_kv102rii.json
2025-07-13 12:10:15,857 - INFO - Processing: extracted_data_061_vyper_kv102ii.json
2025-07-13 12:10:15,858 - INFO - Processing: extracted_data_062_vyper_kv52ii.json
2025-07-13 12:10:15,859 - INFO - Processing: extracted_data_063_vyper_kv25wl.json
2025-07-13 12:10:15,859 - INFO - Processing: extracted_data_064_vyper_kv25rii.json
2025-07-13 12:10:15,860 - INFO - Processing: extracted_data_065_vyper_kv52frii.json
2025-07-13 12:10:15,861 - INFO - Processing: extracted_data_066_vyper_kv25ii.json
2025-07-13 12:10:15,862 - INFO - Processing: extracted_data_067_azimut_kamut2l14ii.json
2025-07-13 12:10:15,863 - INFO - Processing: extracted_data_068_azimut_kamut2l.json
2025-07-13 12:10:15,864 - INFO - Processing: extracted_data_069_azimut_kamut2l_ii.json
2025-07-13 12:10:15,864 - INFO - Processing: extracted_data_070_azimut_kamut2v25ii.json
2025-07-13 12:10:15,865 - INFO - Processing: extracted_data_071_azimut_kamut2l1.json
2025-07-13 12:10:15,866 - INFO - Processing: extracted_data_072_azimut_kamut2l1ii.json
2025-07-13 12:10:15,867 - INFO - Processing: extracted_data_073_azimut_kamut2v25.json
2025-07-13 12:10:15,867 - INFO - Processing: extracted_data_074_azimut_kamut2l14.json
2025-07-13 12:10:15,868 - INFO - Processing: extracted_data_075_rumble_ku44.json
2025-07-13 12:10:15,869 - INFO - Processing: extracted_data_076_rumble_ku26.json
2025-07-13 12:10:15,870 - INFO - Processing: extracted_data_077_rumble_ku210.json
2025-07-13 12:10:15,871 - INFO - Processing: extracted_data_078_rumble_ku212.json
2025-07-13 12:10:15,871 - INFO - Processing: extracted_data_079_rumble_ku315.json
2025-07-13 12:10:15,872 - INFO - Processing: extracted_data_080_rumble_ku44.json
2025-07-13 12:10:15,873 - INFO - Processing: extracted_data_081_mugello_kh5l.json
2025-07-13 12:10:15,874 - INFO - Processing: extracted_data_082_mugello_kh3l.json
2025-07-13 12:10:15,875 - INFO - Processing: extracted_data_083_mugello_kh2l.json
2025-07-13 12:10:15,878 - INFO - Processing: extracted_data_084_mugello_kh2pl.json
2025-07-13 12:10:15,879 - INFO - Processing: extracted_data_085_mugello_kh5pl.json
2025-07-13 12:10:15,880 - INFO - Processing: extracted_data_086_mugello_kh3pl.json
2025-07-13 12:10:15,881 - INFO - Processing: extracted_data_087_mugello_kh2_i_syst12.json
2025-07-13 12:10:15,881 - INFO - Processing: extracted_data_088_mugello_kh5.json
2025-07-13 12:10:15,882 - INFO - Processing: extracted_data_089_mugello_kh2.json
2025-07-13 12:10:15,886 - INFO - Processing: extracted_data_090_mugello_kh3.json
2025-07-13 12:10:15,889 - INFO - Processing: extracted_data_091_firenze_kh7.json
2025-07-13 12:10:15,893 - INFO - Processing: extracted_data_092_firenze_ks7.json
2025-07-13 12:10:15,894 - INFO - Processing: extracted_data_093_firenze_ks8.json
2025-07-13 12:10:15,899 - INFO - Processing: extracted_data_094_firenze_kh7p.json
2025-07-13 12:10:15,900 - INFO - Processing: extracted_data_095_firenze_ks7p.json
2025-07-13 12:10:15,900 - INFO - Processing: extracted_data_096_firenze_kx12fI.json
2025-07-13 12:10:15,901 - INFO - Processing: extracted_data_097_firenze_kh8.json
2025-07-13 12:10:15,907 - INFO - Processing: extracted_data_098_truffle_ktr26.json
2025-07-13 12:10:15,907 - INFO - Processing: extracted_data_099_truffle_ktr24.json
2025-07-13 12:10:15,908 - INFO - Processing: extracted_data_100_truffle_ktr25.json
2025-07-13 12:10:15,909 - INFO - Processing: extracted_data_101_truffle_ktr24.json
2025-07-13 12:10:15,910 - INFO - Processing: extracted_data_101_truffle_ktr24_duplicate.json
2025-07-13 12:10:15,911 - INFO - Processing: extracted_data_102_kayman_ky102.json
2025-07-13 12:10:15,915 - INFO - Processing: extracted_data_103_kayman_ky52.json
2025-07-13 12:10:15,915 - INFO - Processing: extracted_data_104_kayman_ky102_ebs.json
2025-07-13 12:10:15,916 - INFO - Processing: extracted_data_105_kayman_ky102_duplicate.json
2025-07-13 12:10:15,917 - INFO - Processing: extracted_data_106_turtle_krm33p.json
2025-07-13 12:10:15,918 - INFO - Processing: extracted_data_107_turtle_krm33.json
2025-07-13 12:10:15,919 - INFO - Processing: extracted_data_109_anakonda_kan200.json
2025-07-13 12:10:15,919 - INFO - Processing: extracted_data_110_anakonda_kan200_plus.json
2025-07-13 12:10:15,920 - INFO - Processing: extracted_data_111_anakonda_kan200_plus8.json
2025-07-13 12:10:15,921 - INFO - Processing: extracted_data_112_domino_kf26.json
2025-07-13 12:10:15,922 - INFO - Processing: extracted_data_113_domino_kf212.json
2025-07-13 12:10:15,922 - INFO - Processing: extracted_data_114_domino_kf210.json
2025-07-13 12:10:15,923 - INFO - Processing: extracted_data_115_domino_kfc26.json
2025-07-13 12:10:15,924 - INFO - Processing: extracted_data_116_domino_kf212_duplicate.json
2025-07-13 12:10:15,925 - INFO - Processing: extracted_data_117_dragon_kx12i.json
2025-07-13 12:10:15,926 - INFO - Processing: extracted_data_118_dragon_kxt12p.json
2025-07-13 12:10:15,926 - INFO - Processing: extracted_data_119_dragon_kxt18p.json
2025-07-13 12:10:15,927 - INFO - Processing: extracted_data_120_mastiff_km312.json
2025-07-13 12:10:15,928 - INFO - Processing: extracted_data_121_mastiff_km112.json
2025-07-13 12:10:15,929 - INFO - Processing: extracted_data_122_mastiff_km112p.json
2025-07-13 12:10:15,929 - INFO - Processing: extracted_data_123_mastiff_km312p.json
2025-07-13 12:10:15,930 - INFO - Processing: extracted_data_124_pinnacle_kr102_i.json
2025-07-13 12:10:15,931 - INFO - Processing: extracted_data_125_pinnacle_kr402_i.json
2025-07-13 12:10:15,932 - INFO - Processing: extracted_data_126_pinnacle_kr202_i.json
2025-07-13 12:10:15,932 - INFO - Processing: extracted_data_127_pinnacle_kr802ypii.json
2025-07-13 12:10:15,933 - INFO - Processing: extracted_data_128_pinnacle_kr102_ll.json
2025-07-13 12:10:15,934 - INFO - Processing: extracted_data_129_pinnacle_kr202_ii.json
2025-07-13 12:10:15,935 - INFO - Processing: extracted_data_130_pinnacle_kr402_ii.json
2025-07-13 12:10:15,936 - INFO - Processing: extracted_data_131_pinnacle_kr802.json
2025-07-13 12:10:15,936 - INFO - Processing: extracted_data_132_pinnacle_kr804p_ii.json
2025-07-13 12:10:15,937 - INFO - Processing: extracted_data_133_pinnacle_kr802_ii.json
2025-07-13 12:10:15,938 - INFO - Processing: extracted_data_134_pinnacle_kr404p_ii.json
2025-07-13 12:10:15,939 - INFO - Processing: extracted_data_135_pinnacle_kr402ypii.json
2025-07-13 12:10:15,940 - INFO - Processing: extracted_data_136_pinnacle_k_foh2.json
2025-07-13 12:10:15,940 - INFO - Processing: extracted_data_137_dolomite_krd202p.json
2025-07-13 12:10:15,941 - INFO - Processing: extracted_data_138_prisma_kpr00_plus.json
2025-07-13 12:10:15,942 - INFO - Processing: extracted_data_139_prisma_kpra14_plus.json
2025-07-13 12:10:15,942 - INFO - Processing: extracted_data_140_prisma_kpra34_plus.json
2025-07-13 12:10:15,943 - INFO - Processing: extracted_data_141_capture_kmc20.json
2025-07-13 12:10:15,944 - INFO - Processing: extracted_data_142_capture_kmc20h.json
2025-07-13 12:10:15,945 - INFO - Processing: extracted_data_143_capture_kmc20v.json
2025-07-13 12:10:15,946 - INFO - Processing: extracted_data_144_capture_kmc50.json
2025-07-13 12:10:15,950 - INFO - Processing: extracted_data_145_duetto_kd6t.json
2025-07-13 12:10:15,951 - INFO - Processing: extracted_data_146_duetto_kd6b.json
2025-07-13 12:10:15,951 - INFO - Processing: extracted_data_147_duetto_kd6bt.json
2025-07-13 12:10:15,952 - INFO - Processing: extracted_data_148_axle_krx402.json
2025-07-13 12:10:15,953 - INFO - Processing: extracted_data_149_axle_krx802.json
2025-07-13 12:10:15,954 - INFO - Processing: extracted_data_150_event_krev101.json
2025-07-13 12:10:15,957 - INFO - Processing: extracted_data_151_kk50.json
2025-07-13 12:10:15,957 - INFO - Processing: extracted_data_152_kn10s.json
2025-07-13 12:10:15,958 - INFO - Processing: extracted_data_153_ktl22_ktl22c.json
2025-07-13 12:10:15,959 - INFO - Processing: extracted_data_154_k_rack_m_208.json
2025-07-13 12:10:15,960 - INFO - Processing: extracted_data_155_lyzard_line.json
2025-07-13 12:10:15,961 - INFO - Processing: extracted_data_156_vyper_line.json
2025-07-13 12:10:15,961 - INFO - Processing: extracted_data_157_anakonda_line.json
2025-07-13 12:10:15,962 - INFO - Processing: extracted_data_158_tornado_line.json
2025-07-13 12:10:15,963 - INFO - Processing: extracted_data_159_kobra_line.json
2025-07-13 12:10:15,964 - INFO - Processing: extracted_data_160_python_line.json
2025-07-13 12:10:15,965 - INFO - Processing: extracted_data_161_kayman_line.json
2025-07-13 12:10:15,966 - INFO - Processing: extracted_data_162_domino_line.json
2025-07-13 12:10:15,967 - INFO - Processing: extracted_data_163_dragon_line.json
2025-07-13 12:10:15,968 - INFO - Processing: extracted_data_164_mugello_line.json
2025-07-13 12:10:15,968 - INFO - Processing: extracted_data_165_firenze_line.json
2025-07-13 12:10:15,969 - INFO - Processing: extracted_data_166_rumble_line.json
2025-07-13 12:10:15,970 - INFO - Processing: extracted_data_167_truffle_line.json
2025-07-13 12:10:15,971 - INFO - Processing: extracted_data_168_thunder_line.json
2025-07-13 12:10:15,971 - INFO - Processing: extracted_data_169_azimut_line.json
2025-07-13 12:10:15,972 - INFO - Processing: extracted_data_170_dolomite_line.json
2025-07-13 12:10:15,973 - INFO - Processing: extracted_data_171_pinnacle_line.json
2025-07-13 12:10:15,974 - INFO - Processing: extracted_data_172_turtle_line.json
2025-07-13 12:10:15,975 - INFO - Processing: extracted_data_173_mastiff_line.json
2025-07-13 12:10:15,975 - INFO - Processing: extracted_data_174_prisma_line.json
2025-07-13 12:10:15,976 - INFO - Processing: extracted_data_175_kommander_line.json
2025-07-13 12:10:15,977 - INFO - Processing: extracted_data_176_capture_line.json
2025-07-13 12:10:15,978 - INFO - Processing: extracted_data_177_duetto_line.json
2025-07-13 12:10:15,978 - INFO - Processing: extracted_data_178_fitness_wellness_application.json
2025-07-13 12:10:15,979 - INFO - Processing: extracted_data_179_cafes_restaurants_application.json
2025-07-13 12:10:15,980 - INFO - Processing: extracted_data_180_museums_exhibitions_application.json
2025-07-13 12:10:15,981 - INFO - Processing: extracted_data_181_large_congregations_application.json
2025-07-13 12:10:15,982 - INFO - Processing: extracted_data_182_theme_parks_application.json
2025-07-13 12:10:15,983 - INFO - Processing: extracted_data_183_houses_worship_application.json
2025-07-13 12:10:15,983 - INFO - Processing: extracted_data_184_nightclubs_application.json
2025-07-13 12:10:15,984 - INFO - Processing: extracted_data_185_event_productions_application.json
2025-07-13 12:10:15,985 - INFO - Processing: extracted_data_186_retail_application.json
2025-07-13 12:10:15,985 - INFO - Processing: extracted_data_187_broadcast_studios_application.json
2025-07-13 12:10:15,986 - INFO - Processing: extracted_data_188_transportation_facilities_application.json
2025-07-13 12:10:15,987 - INFO - Processing: extracted_data_189_theaters_application.json
2025-07-13 12:10:15,988 - INFO - Processing: extracted_data_190_stadium_sport_venues_application.json
2025-07-13 12:10:15,989 - INFO - Processing: extracted_data_191_hotels_resorts_application.json
2025-07-13 12:10:15,990 - INFO - Processing: extracted_data_192_concerts_live_events_application.json
2025-07-13 12:10:15,990 - INFO - Processing: extracted_data_193_boardrooms_application.json
2025-07-13 12:10:15,991 - INFO - Processing: extracted_data_194_auditoriums_concert_halls_application.json
2025-07-13 12:10:15,992 - INFO - Processing: extracted_data_195_residential_application.json
2025-07-13 12:10:15,992 - INFO - Processing: extracted_data_196_residential_lighting_application.json
2025-07-13 12:10:15,993 - INFO - Processing: extracted_data_197_museum_exhibitions_lighting_application.json
2025-07-13 12:10:15,994 - INFO - Processing: extracted_data_198_hospitality_lighting_application.json
2025-07-13 12:10:15,995 - INFO - Processing: extracted_data_199_corporate_lighting_application.json
2025-07-13 12:10:15,996 - INFO - Processing: extracted_data_200_retail_lighting_application.json
2025-07-13 12:10:15,997 - INFO - Processing: extracted_data_201_miami_hospitality_scene.json
2025-07-13 12:10:15,998 - INFO - Processing: extracted_data_202_luxury_bars_hospitality.json
2025-07-13 12:10:15,998 - INFO - Processing: extracted_data_203_montreal_restaurant_scene.json
2025-07-13 12:10:15,999 - INFO - Processing: extracted_data_204_cafe_boulud_maison_barnes.json
2025-07-13 12:10:16,000 - INFO - Processing: extracted_data_205_brian_barry_store.json
2025-07-13 12:10:16,001 - INFO - Processing: extracted_data_206_w_hotel_edinburgh.json
2025-07-13 12:10:16,002 - INFO - Processing: extracted_data_207_portrait_hotel_milano.json
2025-07-13 12:10:16,002 - INFO - Processing: extracted_data_208_mercure_hotel_miri.json
2025-07-13 12:10:16,003 - INFO - Processing: extracted_data_209_sommerro_hotel_oslo.json
2025-07-13 12:10:16,004 - INFO - Processing: extracted_data_210_pedra_dura_restaurant.json
2025-07-13 12:10:16,004 - INFO - Processing: extracted_data_211_sana_malhoa_hotel.json
2025-07-13 12:10:16,005 - INFO - Processing: extracted_data_212_bleau_bar_miami.json
2025-07-13 12:10:16,006 - INFO - Processing: extracted_data_213_kerridge_bar_grill.json
2025-07-13 12:10:16,007 - INFO - Processing: extracted_data_214_kailish_restaurant.json
2025-07-13 12:10:16,008 - INFO - Processing: extracted_data_215_vanbarton_balcony.json
2025-07-13 12:10:16,008 - INFO - Processing: extracted_data_216_noi_bar.json
2025-07-13 12:10:16,009 - INFO - Processing: extracted_data_217_moxy_times_square_hotel.json
2025-07-13 12:10:16,010 - INFO - Processing: extracted_data_218_student_hotel.json
2025-07-13 12:10:16,011 - INFO - Processing: extracted_data_219_hotel_parque_centrale.json
2025-07-13 12:10:16,011 - INFO - Processing: extracted_data_220_nobu_hotel_restaurant.json
2025-07-13 12:10:16,012 - INFO - Processing: extracted_data_221_forsthofalm_hotel.json
2025-07-13 12:10:16,013 - INFO - Processing: extracted_data_222_cvs_park_hotel.json
2025-07-13 12:10:16,014 - INFO - Processing: extracted_data_223_ebenezer_church.json
2025-07-13 12:10:16,015 - INFO - Processing: extracted_data_224_graham_memorial_chapel.json
2025-07-13 12:10:16,015 - INFO - Processing: extracted_data_225_harvest_christian_fellowship_church.json
2025-07-13 12:10:16,016 - INFO - Processing: extracted_data_226_rose_hill_church.json
2025-07-13 12:10:16,017 - INFO - Processing: extracted_data_227_graham_chapel.json
2025-07-13 12:10:16,018 - INFO - Processing: extracted_data_228_st_george_chapel.json
2025-07-13 12:10:16,018 - INFO - Processing: extracted_data_229_rock_church.json
2025-07-13 12:10:16,019 - INFO - Processing: extracted_data_230_svetitskhoveli_cathedral_georgia.json
2025-07-13 12:10:16,020 - INFO - Processing: extracted_data_231_canterbury_cathedral.json
2025-07-13 12:10:16,021 - INFO - Processing: extracted_data_234_museum_sound.json
2025-07-13 12:10:16,022 - INFO - Processing: extracted_data_235_media_museum.json
2025-07-13 12:10:16,022 - INFO - Processing: extracted_data_236_beijing_exhibition_center_theater.json
2025-07-13 12:10:16,023 - INFO - Processing: extracted_data_237_the_ranch_gallery.json
2025-07-13 12:10:16,024 - INFO - Processing: extracted_data_238_cleveland_museum.json
2025-07-13 12:10:16,024 - INFO - Processing: extracted_data_239_bucharest_national_opera_house.json
2025-07-13 12:10:16,025 - INFO - Processing: extracted_data_240_budapest_opera_house.json
2025-07-13 12:10:16,026 - INFO - Processing: extracted_data_241_royal_opera_house.json
2025-07-13 12:10:16,027 - INFO - 
============================================================
2025-07-13 12:10:16,029 - INFO - ============================================================
2025-07-13 12:10:16,033 - INFO - Ready to start the chat system:
2025-07-13 12:10:16,033 - INFO -    python3 k_array_chat.py
