2025-07-13 14:41:13,886 - INFO - 
Processing: Domino-KF212
2025-07-13 14:41:46,132 - INFO - Salvato: data\user_guides\Domino-KF212_guide_7.pdf
2025-07-13 14:41:59,143 - INFO - User guides trovate: 1
2025-07-13 14:41:59,143 - INFO - 
Processing: K-RACK-M-208
2025-07-13 14:42:11,643 - INFO - Salvato: data\user_guides\K-RACK-M-208_guide_2.pdf
2025-07-13 14:42:20,330 - INFO - Salvato: data\user_guides\K-RACK-M-208_guide_5.pdf
2025-07-13 14:42:28,281 - INFO - User guides trovate: 2
2025-07-13 14:42:28,281 - INFO - 
Processing: Kayman-KY102
2025-07-13 14:42:59,079 - INFO - Salvato: data\user_guides\Kayman-KY102_guide_10.pdf
2025-07-13 14:43:10,396 - INFO - Salvato: data\user_guides\Kayman-KY102_guide_14.pdf
2025-07-13 14:43:12,396 - INFO - User guides trovate: 2
2025-07-13 14:43:12,397 - INFO - 
Processing: Kommander-KA02I
2025-07-13 14:43:19,716 - INFO - Salvato: data\user_guides\Kommander-KA02I_guide_1.pdf
2025-07-13 14:45:54,081 - INFO - Salvato: data\user_guides\Kommander-KA02I_guide_15.pdf
2025-07-13 14:49:47,694 - INFO - User guides trovate: 2
2025-07-13 14:49:47,694 - INFO - 
Processing: Kommander-KA04
2025-07-13 14:52:35,167 - INFO - Salvato: data\user_guides\Kommander-KA04_guide_12.pdf
2025-07-13 14:52:47,862 - INFO - Salvato: data\user_guides\Kommander-KA04_guide_16.pdf
2025-07-13 14:56:40,558 - INFO - User guides trovate: 2
2025-07-13 14:56:40,559 - INFO - 
Processing: Kommander-KA14i
2025-07-13 14:57:41,745 - INFO - Salvato: data\user_guides\Kommander-KA14i_guide_5.pdf
2025-07-13 15:04:05,567 - INFO - Salvato: data\user_guides\Kommander-KA14i_guide_23.pdf
2025-07-13 15:04:07,567 - INFO - User guides trovate: 2
2025-07-13 15:04:07,568 - INFO - 
Processing: Kommander-KA18
2025-07-13 15:05:20,801 - INFO - Salvato: data\user_guides\Kommander-KA18_guide_7.pdf
2025-07-13 15:06:29,400 - INFO - Salvato: data\user_guides\Kommander-KA18_guide_17.pdf
2025-07-13 15:06:42,747 - INFO - User guides trovate: 2
2025-07-13 15:06:42,748 - INFO - 
Processing: Kommander-KA18+
2025-07-13 15:06:59,631 - INFO - Salvato: data\user_guides\Kommander-KA18+_guide_3.pdf
2025-07-13 15:09:27,245 - INFO - User guides trovate: 1
2025-07-13 15:09:27,245 - INFO - 
Processing: Lyzard-KZ14
2025-07-13 15:09:35,620 - INFO - User guides trovate: 0
2025-07-13 15:09:35,621 - INFO - 
Processing: Mugello-KH2-I-SYST12
2025-07-13 15:12:40,435 - INFO - Salvato: data\user_guides\Mugello-KH2-I-SYST12_guide_4.pdf
2025-07-13 15:12:42,436 - INFO - User guides trovate: 1
2025-07-13 15:12:42,436 - INFO - 
Processing: Pinnacle-K-FoH2
2025-07-13 15:13:04,902 - INFO - Salvato: data\user_guides\Pinnacle-K-FoH2_guide_6.pdf
2025-07-13 15:13:09,692 - INFO - User guides trovate: 1
2025-07-13 15:13:09,692 - INFO - 
Processing: Pinnacle-KR202-II
2025-07-13 15:13:19,280 - INFO - Salvato: data\user_guides\Pinnacle-KR202-II_guide_2.pdf
2025-07-13 15:13:36,336 - INFO - Salvato: data\user_guides\Pinnacle-KR202-II_guide_7.pdf
2025-07-13 15:14:11,658 - INFO - User guides trovate: 2
2025-07-13 15:14:11,658 - INFO - 
Processing: Pinnacle-KR402_II
2025-07-13 15:14:31,825 - INFO - Salvato: data\user_guides\Pinnacle-KR402_II_guide_5.pdf
2025-07-13 15:18:18,414 - INFO - Salvato: data\user_guides\Pinnacle-KR402_II_guide_17.pdf
2025-07-13 15:18:23,799 - INFO - User guides trovate: 2
2025-07-13 15:18:23,799 - INFO - 
Processing: Pinnacle-KR402YPII
2025-07-13 15:18:34,139 - INFO - Salvato: data\user_guides\Pinnacle-KR402YPII_guide_1.pdf
2025-07-13 15:18:40,730 - INFO - Salvato: data\user_guides\Pinnacle-KR402YPII_guide_3.pdf
2025-07-13 15:18:47,832 - INFO - User guides trovate: 2
2025-07-13 15:18:47,833 - INFO - 
Processing: Pinnacle-KR404P_II
2025-07-13 15:18:54,286 - INFO - Salvato: data\user_guides\Pinnacle-KR404P_II_guide_1.pdf
2025-07-13 15:19:14,434 - INFO - Salvato: data\user_guides\Pinnacle-KR404P_II_guide_7.pdf
2025-07-13 15:22:19,835 - INFO - User guides trovate: 2
2025-07-13 15:22:19,835 - INFO - 
Processing: Pinnacle-KR802_II
2025-07-13 15:22:35,188 - INFO - Salvato: data\user_guides\Pinnacle-KR802_II_guide_3.pdf
2025-07-13 15:26:14,792 - INFO - Salvato: data\user_guides\Pinnacle-KR802_II_guide_15.pdf
2025-07-13 15:26:28,146 - INFO - User guides trovate: 2
2025-07-13 15:26:28,147 - INFO - 
Processing: Pinnacle-KR802YPII
2025-07-13 15:26:43,374 - INFO - Salvato: data\user_guides\Pinnacle-KR802YPII_guide_3.pdf
2025-07-13 15:26:48,949 - INFO - User guides trovate: 1
2025-07-13 15:26:48,950 - INFO - 
Processing: Pinnacle-KR804P_II
2025-07-13 15:27:10,152 - INFO - Salvato: data\user_guides\Pinnacle-KR804P_II_guide_4.pdf
2025-07-13 15:27:15,081 - INFO - Salvato: data\user_guides\Pinnacle-KR804P_II_guide_5.pdf
2025-07-13 15:27:26,547 - ERROR - Errore download PDF: https://www.k-array.com/download-file/13688: ('Connection broken: IncompleteRead(2292805 bytes read, 2 more expected)', IncompleteRead(2292805 bytes read, 2 more expected))
2025-07-13 19:18:26,864 - ERROR - Errore download PDF: https://www.k-array.com/download-file/14851: HTTPSConnectionPool(host='www.k-array.com', port=443): Max retries exceeded with url: /download-file/14851 (Caused by NameResolutionError("<urllib3.connection.HTTPSConnection object at 0x0000020CEB2DFB10>: Failed to resolve 'www.k-array.com' ([Errno 11001] getaddrinfo failed)"))
2025-07-13 19:18:28,866 - INFO - User guides trovate: 2
2025-07-13 19:18:28,867 - INFO - 
Processing: Prisma-KPR00+
2025-07-13 19:18:35,902 - ERROR - Errore Playwright su https://www.k-array.com/en/product/Prisma-KPR00+: Page.goto: net::ERR_NAME_NOT_RESOLVED at https://www.k-array.com/en/product/Prisma-KPR00+
Call log:
  - navigating to "https://www.k-array.com/en/product/Prisma-KPR00+", waiting until "load"

2025-07-13 19:18:35,903 - INFO - User guides trovate: 0
2025-07-13 19:18:35,903 - INFO - 
Processing: Prisma-KPRA14+
2025-07-13 19:31:17,374 - ERROR - Errore Playwright su https://www.k-array.com/en/product/Prisma-KPRA14+: Page.goto: net::ERR_NAME_NOT_RESOLVED at https://www.k-array.com/en/product/Prisma-KPRA14+
Call log:
  - navigating to "https://www.k-array.com/en/product/Prisma-KPRA14+", waiting until "load"

2025-07-13 19:31:17,374 - INFO - User guides trovate: 0
2025-07-13 19:31:17,374 - INFO - 
Processing: Prisma-KPRA34+
2025-07-13 19:31:18,580 - ERROR - Errore Playwright su https://www.k-array.com/en/product/Prisma-KPRA34+: Page.goto: net::ERR_NAME_NOT_RESOLVED at https://www.k-array.com/en/product/Prisma-KPRA34+
Call log:
  - navigating to "https://www.k-array.com/en/product/Prisma-KPRA34+", waiting until "load"

2025-07-13 19:31:18,580 - INFO - User guides trovate: 0
2025-07-13 19:31:18,580 - INFO - 
Processing: Rumble-KU44
2025-07-13 20:36:30,757 - ERROR - Errore Playwright su https://www.k-array.com/en/product/Rumble-KU44: Page.goto: net::ERR_NAME_NOT_RESOLVED at https://www.k-array.com/en/product/Rumble-KU44
Call log:
  - navigating to "https://www.k-array.com/en/product/Rumble-KU44", waiting until "load"

2025-07-13 20:36:30,758 - INFO - User guides trovate: 0
2025-07-13 20:36:30,758 - INFO - 
Processing: Thunder-KSC18P
2025-07-13 20:36:31,775 - ERROR - Errore Playwright su https://www.k-array.com/en/product/Thunder-KSC18P: Page.goto: net::ERR_NAME_NOT_RESOLVED at https://www.k-array.com/en/product/Thunder-KSC18P
Call log:
  - navigating to "https://www.k-array.com/en/product/Thunder-KSC18P", waiting until "load"

2025-07-13 20:36:31,775 - INFO - User guides trovate: 0
2025-07-13 20:36:31,775 - INFO - 
Processing: Truffle-KTR24
2025-07-13 20:36:32,570 - ERROR - Errore Playwright su https://www.k-array.com/en/product/Truffle-KTR24: Page.goto: net::ERR_NAME_NOT_RESOLVED at https://www.k-array.com/en/product/Truffle-KTR24
Call log:
  - navigating to "https://www.k-array.com/en/product/Truffle-KTR24", waiting until "load"

2025-07-13 20:36:32,571 - INFO - User guides trovate: 0
2025-07-13 20:36:32,571 - INFO - 
Processing: Turtle-KRM33P
2025-07-13 20:36:33,900 - ERROR - Errore Playwright su https://www.k-array.com/en/product/Turtle-KRM33P: Page.goto: net::ERR_NAME_NOT_RESOLVED at https://www.k-array.com/en/product/Turtle-KRM33P
Call log:
  - navigating to "https://www.k-array.com/en/product/Turtle-KRM33P", waiting until "load"

2025-07-13 20:36:33,901 - INFO - User guides trovate: 0
2025-07-13 20:36:33,901 - INFO - 
Processing: Vyper-KV102II
2025-07-13 20:36:34,761 - ERROR - Errore Playwright su https://www.k-array.com/en/product/Vyper-KV102II: Page.goto: net::ERR_NAME_NOT_RESOLVED at https://www.k-array.com/en/product/Vyper-KV102II
Call log:
  - navigating to "https://www.k-array.com/en/product/Vyper-KV102II", waiting until "load"

2025-07-13 20:36:34,761 - INFO - User guides trovate: 0
2025-07-13 20:36:34,761 - INFO - 
Processing: Vyper-KV102RII
2025-07-13 20:36:35,477 - ERROR - Errore Playwright su https://www.k-array.com/en/product/Vyper-KV102RII: Page.goto: net::ERR_NAME_NOT_RESOLVED at https://www.k-array.com/en/product/Vyper-KV102RII
Call log:
  - navigating to "https://www.k-array.com/en/product/Vyper-KV102RII", waiting until "load"

2025-07-13 20:36:35,477 - INFO - User guides trovate: 0
2025-07-13 20:36:35,478 - INFO - 
Processing: Vyper-KV25II
2025-07-13 20:36:36,157 - ERROR - Errore Playwright su https://www.k-array.com/en/product/Vyper-KV25II: Page.goto: net::ERR_NAME_NOT_RESOLVED at https://www.k-array.com/en/product/Vyper-KV25II
Call log:
  - navigating to "https://www.k-array.com/en/product/Vyper-KV25II", waiting until "load"

2025-07-13 20:36:36,157 - INFO - User guides trovate: 0
2025-07-13 20:36:36,157 - INFO - 
Processing: Vyper-KV25R_II
2025-07-13 20:36:36,925 - ERROR - Errore Playwright su https://www.k-array.com/en/product/Vyper-KV25R%20II: Page.goto: net::ERR_NAME_NOT_RESOLVED at https://www.k-array.com/en/product/Vyper-KV25R%20II
Call log:
  - navigating to "https://www.k-array.com/en/product/Vyper-KV25R%20II", waiting until "load"

2025-07-13 20:36:36,925 - INFO - User guides trovate: 0
2025-07-13 20:36:36,926 - INFO - 
Processing: Vyper-KV52F_II
2025-07-13 20:36:37,699 - ERROR - Errore Playwright su https://www.k-array.com/en/product/Vyper-KV52F%20II: Page.goto: net::ERR_NAME_NOT_RESOLVED at https://www.k-array.com/en/product/Vyper-KV52F%20II
Call log:
  - navigating to "https://www.k-array.com/en/product/Vyper-KV52F%20II", waiting until "load"

2025-07-13 20:36:37,699 - INFO - User guides trovate: 0
2025-07-13 20:36:37,699 - INFO - 
Processing: Vyper-KV52FR_II
2025-07-13 20:36:38,457 - ERROR - Errore Playwright su https://www.k-array.com/en/product/Vyper-KV52FR%20II: Page.goto: net::ERR_NAME_NOT_RESOLVED at https://www.k-array.com/en/product/Vyper-KV52FR%20II
Call log:
  - navigating to "https://www.k-array.com/en/product/Vyper-KV52FR%20II", waiting until "load"

2025-07-13 20:36:38,458 - INFO - User guides trovate: 0
2025-07-13 20:36:38,458 - INFO - 
Processing: Vyper-KV52II
2025-07-13 20:36:39,214 - ERROR - Errore Playwright su https://www.k-array.com/en/product/Vyper-KV52II: Page.goto: net::ERR_NAME_NOT_RESOLVED at https://www.k-array.com/en/product/Vyper-KV52II
Call log:
  - navigating to "https://www.k-array.com/en/product/Vyper-KV52II", waiting until "load"

2025-07-13 20:36:39,214 - INFO - User guides trovate: 0
2025-07-13 20:36:39,215 - INFO - 
Processing: Vyper-KV52R_II
2025-07-13 20:36:39,914 - ERROR - Errore Playwright su https://www.k-array.com/en/product/Vyper-KV52R%20II: Page.goto: net::ERR_NAME_NOT_RESOLVED at https://www.k-array.com/en/product/Vyper-KV52R%20II
Call log:
  - navigating to "https://www.k-array.com/en/product/Vyper-KV52R%20II", waiting until "load"

2025-07-13 20:36:39,914 - INFO - User guides trovate: 0
2025-07-13 20:36:39,915 - INFO - 
Processing: anakonda-kan200
2025-07-13 20:36:40,626 - ERROR - Errore Playwright su https://www.k-array.com/en/product/anakonda-kan200: Page.goto: net::ERR_NAME_NOT_RESOLVED at https://www.k-array.com/en/product/anakonda-kan200
Call log:
  - navigating to "https://www.k-array.com/en/product/anakonda-kan200", waiting until "load"

2025-07-13 20:36:40,627 - INFO - User guides trovate: 0
2025-07-13 20:36:40,627 - INFO - 
Processing: anakonda-kan200-plus
2025-07-13 20:36:41,308 - ERROR - Errore Playwright su https://www.k-array.com/en/product/anakonda-kan200-plus: Page.goto: net::ERR_NAME_NOT_RESOLVED at https://www.k-array.com/en/product/anakonda-kan200-plus
Call log:
  - navigating to "https://www.k-array.com/en/product/anakonda-kan200-plus", waiting until "load"

2025-07-13 20:36:41,309 - INFO - User guides trovate: 0
2025-07-13 20:36:41,309 - INFO - 
Processing: anakonda-kan200-plus8
2025-07-13 20:36:42,008 - ERROR - Errore Playwright su https://www.k-array.com/en/product/anakonda-kan200-plus8: Page.goto: net::ERR_NAME_NOT_RESOLVED at https://www.k-array.com/en/product/anakonda-kan200-plus8
Call log:
  - navigating to "https://www.k-array.com/en/product/anakonda-kan200-plus8", waiting until "load"

2025-07-13 20:36:42,009 - INFO - User guides trovate: 0
2025-07-13 20:36:42,009 - INFO - 
Processing: axle-krx402
2025-07-13 20:36:42,687 - ERROR - Errore Playwright su https://www.k-array.com/en/product/axle-krx402: Page.goto: net::ERR_NAME_NOT_RESOLVED at https://www.k-array.com/en/product/axle-krx402
Call log:
  - navigating to "https://www.k-array.com/en/product/axle-krx402", waiting until "load"

2025-07-13 20:36:42,687 - INFO - User guides trovate: 0
2025-07-13 20:36:42,688 - INFO - 
Processing: axle-krx802
2025-07-13 20:36:43,431 - ERROR - Errore Playwright su https://www.k-array.com/en/product/axle-krx802: Page.goto: net::ERR_NAME_NOT_RESOLVED at https://www.k-array.com/en/product/axle-krx802
Call log:
  - navigating to "https://www.k-array.com/en/product/axle-krx802", waiting until "load"

2025-07-13 20:36:43,431 - INFO - User guides trovate: 0
2025-07-13 20:36:43,431 - INFO - 
Processing: azimut-kamut2II
2025-07-13 20:36:44,109 - ERROR - Errore Playwright su https://www.k-array.com/en/product/azimut-kamut2II: Page.goto: net::ERR_NAME_NOT_RESOLVED at https://www.k-array.com/en/product/azimut-kamut2II
Call log:
  - navigating to "https://www.k-array.com/en/product/azimut-kamut2II", waiting until "load"

2025-07-13 20:36:44,110 - INFO - User guides trovate: 0
2025-07-13 20:36:44,110 - INFO - 
Processing: azimut-kamut2l
2025-07-13 20:36:44,862 - ERROR - Errore Playwright su https://www.k-array.com/en/product/azimut-kamut2l: Page.goto: net::ERR_NAME_NOT_RESOLVED at https://www.k-array.com/en/product/azimut-kamut2l
Call log:
  - navigating to "https://www.k-array.com/en/product/azimut-kamut2l", waiting until "load"

2025-07-13 20:36:44,862 - INFO - User guides trovate: 0
2025-07-13 20:36:44,862 - INFO - 
Processing: azimut-kamut2l1
2025-07-13 20:36:45,097 - ERROR - Task was destroyed but it is pending!
task: <Task pending name='Task-1021' coro=<Connection.run.<locals>.init() running at C:\Users\nicco\AppData\Local\Programs\Python\Python313\Lib\site-packages\playwright\_impl\_connection.py:308> wait_for=<Future pending cb=[Task.task_wakeup()]> cb=[ProtocolCallback.__init__.<locals>.cb() at C:\Users\nicco\AppData\Local\Programs\Python\Python313\Lib\site-packages\playwright\_impl\_connection.py:228]>
2025-07-13 20:39:48,922 - INFO - 
Processing: Domino-KF212
2025-07-13 20:40:15,544 - INFO - Salvato: data\user_guides\Domino-KF212_guide_6.pdf
2025-07-13 20:40:34,854 - INFO - User guides trovate: 1
2025-07-13 20:40:34,855 - INFO - 
Processing: K-RACK-M-208
2025-07-13 20:40:53,174 - INFO - Salvato: data\user_guides\K-RACK-M-208_guide_2.pdf
2025-07-13 20:41:04,018 - INFO - Salvato: data\user_guides\K-RACK-M-208_guide_5.pdf
2025-07-13 20:41:12,384 - INFO - User guides trovate: 2
2025-07-13 20:41:12,384 - INFO - 
Processing: Kayman-KY102
2025-07-13 20:41:19,852 - INFO - Salvato: data\user_guides\Kayman-KY102_guide_1.pdf
2025-07-13 20:41:54,731 - INFO - Salvato: data\user_guides\Kayman-KY102_guide_11.pdf
2025-07-13 20:42:05,321 - INFO - User guides trovate: 2
2025-07-13 20:42:05,322 - INFO - 
Processing: Kommander-KA02I
2025-07-13 20:42:18,431 - INFO - Salvato: data\user_guides\Kommander-KA02I_guide_2.pdf
2025-07-13 20:43:02,135 - INFO - Salvato: data\user_guides\Kommander-KA02I_guide_6.pdf
2025-07-13 20:47:32,955 - INFO - User guides trovate: 2
2025-07-13 20:47:32,956 - INFO - 
Processing: Kommander-KA04
2025-07-13 20:52:34,011 - INFO - Salvato: data\user_guides\Kommander-KA04_guide_20.pdf
2025-07-13 20:52:39,187 - INFO - Salvato: data\user_guides\Kommander-KA04_guide_21.pdf
2025-07-13 20:52:41,188 - INFO - User guides trovate: 2
2025-07-13 20:52:41,188 - INFO - 
Processing: Kommander-KA14i
2025-07-13 20:55:44,069 - INFO - Salvato: data\user_guides\Kommander-KA14i_guide_13.pdf
2025-07-13 20:57:43,736 - INFO - Salvato: data\user_guides\Kommander-KA14i_guide_22.pdf
2025-07-13 20:57:48,984 - INFO - User guides trovate: 2
2025-07-13 20:57:48,985 - INFO - 
Processing: Kommander-KA18
2025-07-13 21:00:04,615 - INFO - Salvato: data\user_guides\Kommander-KA18_guide_15.pdf
2025-07-13 21:00:23,876 - INFO - Salvato: data\user_guides\Kommander-KA18_guide_20.pdf
2025-07-13 21:00:29,184 - INFO - User guides trovate: 2
2025-07-13 21:00:29,184 - INFO - 
Processing: Kommander-KA18+
2025-07-13 21:01:11,046 - INFO - Salvato: data\user_guides\Kommander-KA18+_guide_5.pdf
2025-07-13 21:02:48,984 - INFO - User guides trovate: 1
2025-07-13 21:02:48,985 - INFO - 
Processing: Lyzard-KZ14
2025-07-13 21:02:58,821 - INFO - User guides trovate: 0
2025-07-13 21:02:58,822 - INFO - 
Processing: Mugello-KH2-I-SYST12
2025-07-13 21:05:10,435 - INFO - Salvato: data\user_guides\Mugello-KH2-I-SYST12_guide_2.pdf
2025-07-13 21:06:25,071 - INFO - User guides trovate: 1
2025-07-13 21:06:25,072 - INFO - 
Processing: Pinnacle-K-FoH2
2025-07-13 21:06:37,836 - INFO - Salvato: data\user_guides\Pinnacle-K-FoH2_guide_2.pdf
2025-07-13 21:06:54,741 - INFO - User guides trovate: 1
2025-07-13 21:06:54,741 - INFO - 
Processing: Pinnacle-KR202-II
2025-07-13 21:07:24,153 - INFO - Salvato: data\user_guides\Pinnacle-KR202-II_guide_6.pdf
2025-07-13 21:07:48,535 - INFO - Salvato: data\user_guides\Pinnacle-KR202-II_guide_11.pdf
2025-07-13 21:08:23,014 - INFO - User guides trovate: 2
2025-07-13 21:08:23,015 - INFO - 
Processing: Pinnacle-KR402_II
2025-07-13 21:08:56,881 - ERROR - Errore download PDF: https://www.k-array.com/download-file/13713: ('Connection broken: IncompleteRead(966860 bytes read, 2 more expected)', IncompleteRead(966860 bytes read, 2 more expected))
2025-07-13 21:10:26,733 - INFO - Salvato: data\user_guides\Pinnacle-KR402_II_guide_8.pdf
2025-07-13 21:13:18,199 - INFO - Salvato: data\user_guides\Pinnacle-KR402_II_guide_16.pdf
2025-07-13 21:13:27,551 - INFO - User guides trovate: 2
2025-07-13 21:13:27,551 - INFO - 
Processing: Pinnacle-KR402YPII
2025-07-13 21:13:41,952 - INFO - Salvato: data\user_guides\Pinnacle-KR402YPII_guide_1.pdf
2025-07-13 21:13:48,999 - INFO - Salvato: data\user_guides\Pinnacle-KR402YPII_guide_3.pdf
2025-07-13 21:13:58,981 - INFO - User guides trovate: 2
2025-07-13 21:13:58,981 - INFO - 
Processing: Pinnacle-KR404P_II
2025-07-13 21:18:45,315 - INFO - Salvato: data\user_guides\Pinnacle-KR404P_II_guide_15.pdf
2025-07-13 21:18:58,330 - INFO - Salvato: data\user_guides\Pinnacle-KR404P_II_guide_17.pdf
2025-07-13 21:19:00,331 - INFO - User guides trovate: 2
2025-07-13 21:19:00,333 - INFO - 
Processing: Pinnacle-KR802_II
2025-07-13 21:19:24,333 - INFO - Salvato: data\user_guides\Pinnacle-KR802_II_guide_1.pdf
