2025-07-13 12:29:23,255 - __main__ - INFO - Using scraping method: playwright
2025-07-13 12:29:23,255 - __main__ - INFO - Using PDF library: PyMuPDF
2025-07-13 12:29:23,257 - __main__ - INFO - ============================================================
2025-07-13 12:29:23,273 - __main__ - INFO - Loaded 154 product URLs from sitemap
2025-07-13 12:29:23,276 - __main__ - INFO - 
[1/5] Processing product...
2025-07-13 12:29:23,276 - __main__ - INFO - Processing product: kommander-ka104 (https://www.k-array.com/en/product/kommander-ka104)
2025-07-13 12:29:23,276 - __main__ - INFO - Extracting PDF links from: https://www.k-array.com/en/product/kommander-ka104
2025-07-13 12:29:34,284 - __main__ - INFO - Found 23 PDF links on https://www.k-array.com/en/product/kommander-ka104
2025-07-13 12:29:34,293 - __main__ - INFO - Checking PDF: https://www.k-array.com/download-file/14853
2025-07-13 12:29:37,070 - __main__ - WARNING - Not a PDF file: https://www.k-array.com/download-file/14853
2025-07-13 12:29:37,070 - __main__ - INFO - Checking PDF: https://www.k-array.com/download-file/14851
2025-07-13 12:29:38,141 - __main__ - WARNING - Not a PDF file: https://www.k-array.com/download-file/14851
2025-07-13 12:29:38,141 - __main__ - INFO - Checking PDF: https://www.k-array.com/download-file/13902
2025-07-13 12:29:40,230 - __main__ - INFO - User guide detected with pattern: user\s+guide
2025-07-13 12:29:40,234 - __main__ - INFO - Saved user guide: data\user_guides\kommander-ka104_user_guide.pdf
2025-07-13 12:29:42,236 - __main__ - INFO - Checking PDF: https://www.k-array.com/download-file/13765
2025-07-13 12:30:06,229 - __main__ - WARNING - Not a PDF file: https://www.k-array.com/download-file/13765
2025-07-13 12:30:06,236 - __main__ - INFO - Checking PDF: https://www.k-array.com/download-file/13641
2025-07-13 12:30:36,655 - __main__ - WARNING - Not a PDF file: https://www.k-array.com/download-file/13641
2025-07-13 12:30:36,669 - __main__ - INFO - Checking PDF: https://www.k-array.com/download-file/13726
2025-07-13 12:30:37,908 - __main__ - WARNING - Not a PDF file: https://www.k-array.com/download-file/13726
2025-07-13 12:30:37,908 - __main__ - INFO - Checking PDF: https://www.k-array.com/download-file/12778
2025-07-13 12:30:38,748 - __main__ - INFO - PDF is not a user guide: https://www.k-array.com/download-file/12778
2025-07-13 12:30:40,749 - __main__ - INFO - Checking PDF: https://www.k-array.com/download-file/13676
2025-07-13 12:30:41,743 - __main__ - WARNING - Not a PDF file: https://www.k-array.com/download-file/13676
2025-07-13 12:30:41,744 - __main__ - INFO - Checking PDF: https://www.k-array.com/download-file/12598
2025-07-13 12:32:18,958 - __main__ - WARNING - Not a PDF file: https://www.k-array.com/download-file/12598
2025-07-13 12:32:19,014 - __main__ - INFO - Checking PDF: https://www.k-array.com/download-file/14845
2025-07-13 12:32:19,687 - __main__ - WARNING - Not a PDF file: https://www.k-array.com/download-file/14845
2025-07-13 12:32:19,688 - __main__ - INFO - Checking PDF: https://www.k-array.com/download-file/13773
2025-07-13 12:32:20,570 - __main__ - INFO - PDF is not a user guide: https://www.k-array.com/download-file/13773
2025-07-13 12:32:22,571 - __main__ - INFO - Checking PDF: https://www.k-array.com/download-file/15609
2025-07-13 12:32:24,511 - __main__ - WARNING - Not a PDF file: https://www.k-array.com/download-file/15609
2025-07-13 12:32:24,512 - __main__ - INFO - Checking PDF: https://www.k-array.com/pdf/warranty_rev1.pdf
2025-07-13 12:32:25,363 - __main__ - INFO - PDF is not a user guide: https://www.k-array.com/pdf/warranty_rev1.pdf
2025-07-13 12:32:27,364 - __main__ - INFO - Checking PDF: https://www.k-array.com/download-file/13959
2025-07-13 12:32:28,298 - __main__ - INFO - PDF is not a user guide: https://www.k-array.com/download-file/13959
2025-07-13 12:32:30,298 - __main__ - INFO - Checking PDF: https://www.k-array.com/download-file/12599
2025-07-13 12:35:41,157 - __main__ - WARNING - Not a PDF file: https://www.k-array.com/download-file/12599
2025-07-13 12:35:41,242 - __main__ - INFO - Checking PDF: https://www.k-array.com/download-file/15600
2025-07-13 12:35:42,193 - __main__ - WARNING - Not a PDF file: https://www.k-array.com/download-file/15600
2025-07-13 12:35:42,193 - __main__ - INFO - Checking PDF: https://www.k-array.com/download-file/17058
2025-07-13 12:35:42,910 - __main__ - INFO - PDF is not a user guide: https://www.k-array.com/download-file/17058
2025-07-13 12:35:44,911 - __main__ - INFO - Checking PDF: https://www.k-array.com/download-file/9813
2025-07-13 12:35:45,760 - __main__ - INFO - PDF is not a user guide: https://www.k-array.com/download-file/9813
2025-07-13 12:35:47,761 - __main__ - INFO - Checking PDF: https://www.k-array.com/download-file/13649
2025-07-13 12:35:48,809 - __main__ - WARNING - Not a PDF file: https://www.k-array.com/download-file/13649
2025-07-13 12:35:48,810 - __main__ - INFO - Checking PDF: https://www.k-array.com/download-file/13704
2025-07-13 12:35:49,671 - __main__ - WARNING - Not a PDF file: https://www.k-array.com/download-file/13704
2025-07-13 12:35:49,671 - __main__ - INFO - Checking PDF: https://www.k-array.com/download-file/13817
2025-07-13 12:35:50,379 - __main__ - INFO - PDF is not a user guide: https://www.k-array.com/download-file/13817
2025-07-13 12:35:52,380 - __main__ - INFO - Checking PDF: https://www.k-array.com/download-file/13553
2025-07-13 12:36:50,343 - __main__ - WARNING - Not a PDF file: https://www.k-array.com/download-file/13553
2025-07-13 12:36:50,353 - __main__ - INFO - Checking PDF: https://www.k-array.com/download-file/12841
2025-07-13 12:36:51,603 - __main__ - INFO - User guide detected with pattern: user\s+guide
2025-07-13 12:36:51,606 - __main__ - INFO - Saved user guide: data\user_guides\kommander-ka104_user_guide_1.pdf
2025-07-13 12:36:53,608 - __main__ - INFO - 
[2/5] Processing product...
2025-07-13 12:36:53,608 - __main__ - INFO - Processing product: kommander-ka208 (https://www.k-array.com/en/product/kommander-ka208)
2025-07-13 12:36:53,608 - __main__ - INFO - Extracting PDF links from: https://www.k-array.com/en/product/kommander-ka208
2025-07-13 12:37:03,279 - __main__ - INFO - Found 24 PDF links on https://www.k-array.com/en/product/kommander-ka208
2025-07-13 12:37:03,288 - __main__ - INFO - Checking PDF: https://www.k-array.com/download-file/14853
2025-07-13 12:37:11,915 - __main__ - WARNING - Not a PDF file: https://www.k-array.com/download-file/14853
2025-07-13 12:37:11,915 - __main__ - INFO - Checking PDF: https://www.k-array.com/download-file/14851
2025-07-13 12:37:13,211 - __main__ - WARNING - Not a PDF file: https://www.k-array.com/download-file/14851
2025-07-13 12:37:13,212 - __main__ - INFO - Checking PDF: https://www.k-array.com/download-file/13703
2025-07-13 12:37:14,123 - __main__ - WARNING - Not a PDF file: https://www.k-array.com/download-file/13703
2025-07-13 12:37:14,123 - __main__ - INFO - Checking PDF: https://www.k-array.com/download-file/12842
2025-07-13 12:37:16,326 - __main__ - INFO - User guide detected with pattern: user\s+guide
2025-07-13 12:37:16,332 - __main__ - INFO - Saved user guide: data\user_guides\kommander-ka208_user_guide.pdf
2025-07-13 12:37:18,333 - __main__ - INFO - Checking PDF: https://www.k-array.com/download-file/13675
2025-07-13 12:37:20,415 - __main__ - WARNING - Not a PDF file: https://www.k-array.com/download-file/13675
2025-07-13 12:37:20,416 - __main__ - INFO - Checking PDF: https://www.k-array.com/download-file/13552
2025-07-13 12:37:44,794 - __main__ - WARNING - Not a PDF file: https://www.k-array.com/download-file/13552
2025-07-13 12:37:44,805 - __main__ - INFO - Checking PDF: https://www.k-array.com/download-file/12598
2025-07-13 12:38:51,817 - __main__ - ERROR - Error downloading PDF from https://www.k-array.com/download-file/12598: ('Connection broken: IncompleteRead(995532704 bytes read, 40 more expected)', IncompleteRead(995532704 bytes read, 40 more expected))
2025-07-13 12:38:51,817 - __main__ - INFO - Checking PDF: https://www.k-array.com/download-file/14845
2025-07-13 12:38:53,525 - __main__ - WARNING - Not a PDF file: https://www.k-array.com/download-file/14845
2025-07-13 12:38:53,525 - __main__ - INFO - Checking PDF: https://www.k-array.com/download-file/13958
2025-07-13 12:38:56,160 - __main__ - INFO - PDF is not a user guide: https://www.k-array.com/download-file/13958
2025-07-13 12:38:58,160 - __main__ - INFO - Checking PDF: https://www.k-array.com/download-file/15609
2025-07-13 12:38:59,107 - __main__ - WARNING - Not a PDF file: https://www.k-array.com/download-file/15609
2025-07-13 12:38:59,107 - __main__ - INFO - Checking PDF: https://www.k-array.com/download-file/13772
2025-07-13 12:38:59,972 - __main__ - INFO - PDF is not a user guide: https://www.k-array.com/download-file/13772
2025-07-13 12:39:01,972 - __main__ - INFO - Checking PDF: https://www.k-array.com/pdf/warranty_rev1.pdf
2025-07-13 12:39:02,846 - __main__ - INFO - PDF is not a user guide: https://www.k-array.com/pdf/warranty_rev1.pdf
2025-07-13 12:39:04,847 - __main__ - INFO - Checking PDF: https://www.k-array.com/download-file/12779
2025-07-13 12:39:06,283 - __main__ - INFO - PDF is not a user guide: https://www.k-array.com/download-file/12779
2025-07-13 12:39:08,283 - __main__ - INFO - Checking PDF: https://www.k-array.com/download-file/13640
2025-07-13 12:39:51,367 - __main__ - WARNING - Not a PDF file: https://www.k-array.com/download-file/13640
2025-07-13 12:39:51,375 - __main__ - INFO - Checking PDF: https://www.k-array.com/download-file/17057
2025-07-13 12:39:52,032 - __main__ - INFO - PDF is not a user guide: https://www.k-array.com/download-file/17057
2025-07-13 12:39:54,032 - __main__ - INFO - Checking PDF: https://www.k-array.com/download-file/13816
2025-07-13 12:39:54,814 - __main__ - INFO - PDF is not a user guide: https://www.k-array.com/download-file/13816
2025-07-13 12:39:56,814 - __main__ - INFO - Checking PDF: https://www.k-array.com/download-file/13901
2025-07-13 12:39:58,728 - __main__ - INFO - User guide detected with pattern: user\s+guide
2025-07-13 12:39:58,732 - __main__ - INFO - Saved user guide: data\user_guides\kommander-ka208_user_guide_1.pdf
2025-07-13 12:40:00,733 - __main__ - INFO - Checking PDF: https://www.k-array.com/download-file/12599
2025-07-13 12:41:30,939 - __main__ - WARNING - Not a PDF file: https://www.k-array.com/download-file/12599
2025-07-13 12:41:30,976 - __main__ - INFO - Checking PDF: https://www.k-array.com/download-file/15600
2025-07-13 12:41:31,827 - __main__ - WARNING - Not a PDF file: https://www.k-array.com/download-file/15600
2025-07-13 12:41:31,827 - __main__ - INFO - Checking PDF: https://www.k-array.com/download-file/13764
2025-07-13 12:41:40,374 - __main__ - WARNING - Not a PDF file: https://www.k-array.com/download-file/13764
2025-07-13 12:41:40,380 - __main__ - INFO - Checking PDF: https://www.k-array.com/download-file/9800
2025-07-13 12:41:41,255 - __main__ - INFO - PDF is not a user guide: https://www.k-array.com/download-file/9800
2025-07-13 12:41:43,256 - __main__ - INFO - Checking PDF: https://www.k-array.com/download-file/13648
2025-07-13 12:41:45,592 - __main__ - WARNING - Not a PDF file: https://www.k-array.com/download-file/13648
2025-07-13 12:41:45,592 - __main__ - INFO - Checking PDF: https://www.k-array.com/download-file/15086
2025-07-13 12:41:46,557 - __main__ - WARNING - Not a PDF file: https://www.k-array.com/download-file/15086
2025-07-13 12:41:46,558 - __main__ - INFO - Checking PDF: https://www.k-array.com/download-file/13725
2025-07-13 12:41:48,049 - __main__ - WARNING - Not a PDF file: https://www.k-array.com/download-file/13725
2025-07-13 12:41:48,049 - __main__ - INFO - 
[3/5] Processing product...
2025-07-13 12:41:48,049 - __main__ - INFO - Processing product: domino-kf26 (https://www.k-array.com/en/product/domino-kf26)
2025-07-13 12:41:48,049 - __main__ - INFO - Extracting PDF links from: https://www.k-array.com/en/product/domino-kf26
2025-07-13 12:41:57,007 - __main__ - INFO - Found 11 PDF links on https://www.k-array.com/en/product/domino-kf26
2025-07-13 12:41:57,016 - __main__ - INFO - Checking PDF: https://www.k-array.com/download-file/9922
2025-07-13 12:41:57,509 - __main__ - WARNING - Not a PDF file: https://www.k-array.com/download-file/9922
2025-07-13 12:41:57,510 - __main__ - INFO - Checking PDF: https://www.k-array.com/download-file/9912
2025-07-13 12:41:58,265 - __main__ - INFO - PDF is not a user guide: https://www.k-array.com/download-file/9912
2025-07-13 12:42:00,265 - __main__ - INFO - Checking PDF: https://www.k-array.com/pdf/warranty_rev1.pdf
2025-07-13 12:42:00,538 - __main__ - INFO - PDF is not a user guide: https://www.k-array.com/pdf/warranty_rev1.pdf
2025-07-13 12:42:02,538 - __main__ - INFO - Checking PDF: https://www.k-array.com/download-file/9927
2025-07-13 12:42:03,694 - __main__ - WARNING - Not a PDF file: https://www.k-array.com/download-file/9927
2025-07-13 12:42:03,694 - __main__ - INFO - Checking PDF: https://www.k-array.com/download-file/9917
2025-07-13 12:42:04,478 - __main__ - WARNING - Not a PDF file: https://www.k-array.com/download-file/9917
2025-07-13 12:42:04,479 - __main__ - INFO - Checking PDF: https://www.k-array.com/download-file/9921
2025-07-13 12:42:05,098 - __main__ - INFO - PDF is not a user guide: https://www.k-array.com/download-file/9921
2025-07-13 12:42:07,098 - __main__ - INFO - Checking PDF: https://www.k-array.com/download-file/12783
2025-07-13 12:42:07,861 - __main__ - INFO - PDF is not a user guide: https://www.k-array.com/download-file/12783
2025-07-13 12:42:09,862 - __main__ - INFO - Checking PDF: https://www.k-array.com/download-file/15597
2025-07-13 12:42:10,769 - __main__ - WARNING - Not a PDF file: https://www.k-array.com/download-file/15597
2025-07-13 12:42:10,769 - __main__ - INFO - Checking PDF: https://www.k-array.com/download-file/9916
2025-07-13 12:42:11,383 - __main__ - WARNING - Not a PDF file: https://www.k-array.com/download-file/9916
2025-07-13 12:42:11,384 - __main__ - INFO - Checking PDF: https://www.k-array.com/download-file/9915
2025-07-13 12:42:12,707 - __main__ - INFO - User guide detected with pattern: user\s+guide
2025-07-13 12:42:12,708 - __main__ - INFO - Saved user guide: data\user_guides\domino-kf26_user_guide.pdf
2025-07-13 12:42:14,710 - __main__ - INFO - Checking PDF: https://www.k-array.com/download-file/9919
2025-07-13 12:42:19,317 - __main__ - INFO - PDF is not a user guide: https://www.k-array.com/download-file/9919
2025-07-13 12:42:21,318 - __main__ - INFO - 
[4/5] Processing product...
2025-07-13 12:42:21,318 - __main__ - INFO - Processing product: kommander-ka24 (https://www.k-array.com/en/product/kommander-ka24)
2025-07-13 12:42:21,319 - __main__ - INFO - Extracting PDF links from: https://www.k-array.com/en/product/kommander-ka24
2025-07-13 12:42:27,322 - __main__ - INFO - Found 5 PDF links on https://www.k-array.com/en/product/kommander-ka24
2025-07-13 12:42:27,332 - __main__ - INFO - Checking PDF: https://www.k-array.com/pdf/warranty_rev1.pdf
2025-07-13 12:42:30,121 - __main__ - INFO - PDF is not a user guide: https://www.k-array.com/pdf/warranty_rev1.pdf
2025-07-13 12:42:32,122 - __main__ - INFO - Checking PDF: https://www.k-array.com/download-file/10989
2025-07-13 12:42:33,974 - __main__ - INFO - User guide detected with pattern: user\s+guide
2025-07-13 12:42:33,976 - __main__ - INFO - Saved user guide: data\user_guides\kommander-ka24_user_guide.pdf
2025-07-13 12:42:35,977 - __main__ - INFO - Checking PDF: https://www.k-array.com/download-file/10986
2025-07-13 12:42:36,749 - __main__ - INFO - PDF is not a user guide: https://www.k-array.com/download-file/10986
2025-07-13 12:42:38,750 - __main__ - INFO - Checking PDF: https://www.k-array.com/download-file/10991
2025-07-13 12:42:39,350 - __main__ - WARNING - Not a PDF file: https://www.k-array.com/download-file/10991
2025-07-13 12:42:39,350 - __main__ - INFO - Checking PDF: https://www.k-array.com/download-file/10993
2025-07-13 12:42:41,379 - __main__ - WARNING - Not a PDF file: https://www.k-array.com/download-file/10993
2025-07-13 12:42:41,380 - __main__ - INFO - 
[5/5] Processing product...
2025-07-13 12:42:41,380 - __main__ - INFO - Processing product: python-kp52-i (https://www.k-array.com/en/product/python-kp52-i)
2025-07-13 12:42:41,380 - __main__ - INFO - Extracting PDF links from: https://www.k-array.com/en/product/python-kp52-i
2025-07-13 12:42:50,525 - __main__ - INFO - Found 16 PDF links on https://www.k-array.com/en/product/python-kp52-i
2025-07-13 12:42:50,534 - __main__ - INFO - Checking PDF: https://www.k-array.com/download-file/10021
2025-07-13 12:42:51,727 - __main__ - INFO - User guide detected with pattern: user\s+guide
2025-07-13 12:42:51,734 - __main__ - INFO - Saved user guide: data\user_guides\python-kp52-i_user_guide.pdf
2025-07-13 12:42:53,735 - __main__ - INFO - Checking PDF: https://www.k-array.com/download-file/10024
2025-07-13 12:42:54,526 - __main__ - WARNING - Not a PDF file: https://www.k-array.com/download-file/10024
2025-07-13 12:42:54,526 - __main__ - INFO - Checking PDF: https://www.k-array.com/download-file/10030
2025-07-13 12:42:55,238 - __main__ - WARNING - Not a PDF file: https://www.k-array.com/download-file/10030
2025-07-13 12:42:55,239 - __main__ - INFO - Checking PDF: https://www.k-array.com/download-file/10038
2025-07-13 12:42:55,894 - __main__ - INFO - PDF is not a user guide: https://www.k-array.com/download-file/10038
2025-07-13 12:42:57,895 - __main__ - INFO - Checking PDF: https://www.k-array.com/download-file/10026
2025-07-13 12:42:59,027 - __main__ - WARNING - Not a PDF file: https://www.k-array.com/download-file/10026
2025-07-13 12:42:59,027 - __main__ - INFO - Checking PDF: https://www.k-array.com/download-file/10040
2025-07-13 12:42:59,620 - __main__ - WARNING - Not a PDF file: https://www.k-array.com/download-file/10040
2025-07-13 12:42:59,620 - __main__ - INFO - Checking PDF: https://www.k-array.com/download-file/10034
2025-07-13 12:43:00,397 - __main__ - WARNING - Not a PDF file: https://www.k-array.com/download-file/10034
2025-07-13 12:43:00,398 - __main__ - INFO - Checking PDF: https://www.k-array.com/pdf/warranty_rev1.pdf
2025-07-13 12:43:00,708 - __main__ - INFO - PDF is not a user guide: https://www.k-array.com/pdf/warranty_rev1.pdf
2025-07-13 12:43:02,708 - __main__ - INFO - Checking PDF: https://www.k-array.com/download-file/10032
2025-07-13 12:43:03,440 - __main__ - WARNING - Not a PDF file: https://www.k-array.com/download-file/10032
2025-07-13 12:43:03,440 - __main__ - INFO - Checking PDF: https://www.k-array.com/download-file/10020
2025-07-13 12:43:04,254 - __main__ - INFO - PDF is not a user guide: https://www.k-array.com/download-file/10020
2025-07-13 12:43:06,255 - __main__ - INFO - Checking PDF: https://www.k-array.com/download-file/10042
2025-07-13 12:43:07,526 - __main__ - WARNING - Not a PDF file: https://www.k-array.com/download-file/10042
2025-07-13 12:43:07,527 - __main__ - INFO - Checking PDF: https://www.k-array.com/download-file/10043
2025-07-13 12:43:08,208 - __main__ - INFO - PDF is not a user guide: https://www.k-array.com/download-file/10043
2025-07-13 12:43:10,208 - __main__ - INFO - Checking PDF: https://www.k-array.com/download-file/15293
2025-07-13 12:43:11,590 - __main__ - INFO - User guide detected with pattern: user\s+guide
2025-07-13 12:43:11,592 - __main__ - INFO - Saved user guide: data\user_guides\python-kp52-i_user_guide_1.pdf
2025-07-13 12:43:13,593 - __main__ - INFO - Checking PDF: https://www.k-array.com/download-file/10046
2025-07-13 12:43:14,618 - __main__ - WARNING - Not a PDF file: https://www.k-array.com/download-file/10046
2025-07-13 12:43:14,619 - __main__ - INFO - Checking PDF: https://www.k-array.com/download-file/10036
2025-07-13 12:43:15,270 - __main__ - WARNING - Not a PDF file: https://www.k-array.com/download-file/10036
2025-07-13 12:43:15,270 - __main__ - INFO - Checking PDF: https://www.k-array.com/download-file/10028
2025-07-13 12:43:16,085 - __main__ - WARNING - Not a PDF file: https://www.k-array.com/download-file/10028
2025-07-13 12:43:16,086 - __main__ - INFO - 
============================================================
2025-07-13 12:43:16,086 - __main__ - INFO - ============================================================
2025-07-13 12:43:16,091 - __main__ - INFO -    python3 integrate_pdf_content.py
2025-07-13 12:58:33,802 - __main__ - INFO - Using scraping method: playwright
2025-07-13 12:58:33,803 - __main__ - INFO - Using PDF library: PyMuPDF
2025-07-13 12:58:33,805 - __main__ - INFO - ============================================================
2025-07-13 12:58:33,806 - __main__ - INFO - Loaded 154 product URLs from sitemap
2025-07-13 12:58:33,808 - __main__ - INFO - 
[1/5] Processing product...
2025-07-13 12:58:33,808 - __main__ - INFO - Processing product: kommander-ka104 (https://www.k-array.com/en/product/kommander-ka104)
2025-07-13 12:58:33,809 - __main__ - INFO - Extracting PDF links from: https://www.k-array.com/en/product/kommander-ka104
2025-07-13 12:58:43,534 - __main__ - INFO - Found 23 PDF links on https://www.k-array.com/en/product/kommander-ka104
2025-07-13 12:58:43,543 - __main__ - INFO - Checking PDF: https://www.k-array.com/download-file/13704
2025-07-13 12:58:44,812 - __main__ - WARNING - Not a PDF file: https://www.k-array.com/download-file/13704
2025-07-13 12:58:44,812 - __main__ - INFO - Checking PDF: https://www.k-array.com/download-file/14851
2025-07-13 12:58:45,716 - __main__ - WARNING - Not a PDF file: https://www.k-array.com/download-file/14851
2025-07-13 12:58:45,716 - __main__ - INFO - Checking PDF: https://www.k-array.com/download-file/13676
2025-07-13 12:58:46,567 - __main__ - WARNING - Not a PDF file: https://www.k-array.com/download-file/13676
2025-07-13 12:58:46,568 - __main__ - INFO - Checking PDF: https://www.k-array.com/download-file/13765
2025-07-13 12:58:52,635 - __main__ - WARNING - Not a PDF file: https://www.k-array.com/download-file/13765
2025-07-13 12:58:52,640 - __main__ - INFO - Checking PDF: https://www.k-array.com/download-file/15600
2025-07-13 12:58:53,485 - __main__ - WARNING - Not a PDF file: https://www.k-array.com/download-file/15600
2025-07-13 12:58:53,486 - __main__ - INFO - Checking PDF: https://www.k-array.com/download-file/15609
2025-07-13 12:58:54,442 - __main__ - WARNING - Not a PDF file: https://www.k-array.com/download-file/15609
2025-07-13 12:58:54,443 - __main__ - INFO - Checking PDF: https://www.k-array.com/download-file/13773
2025-07-13 12:58:55,238 - __main__ - INFO - PDF is not a user guide: https://www.k-array.com/download-file/13773
2025-07-13 12:58:57,239 - __main__ - INFO - Checking PDF: https://www.k-array.com/download-file/14853
2025-07-13 12:58:59,159 - __main__ - WARNING - Not a PDF file: https://www.k-array.com/download-file/14853
2025-07-13 12:58:59,159 - __main__ - INFO - Checking PDF: https://www.k-array.com/download-file/13726
2025-07-13 12:59:00,802 - __main__ - WARNING - Not a PDF file: https://www.k-array.com/download-file/13726
2025-07-13 12:59:00,802 - __main__ - INFO - Checking PDF: https://www.k-array.com/download-file/12841
2025-07-13 12:59:02,060 - __main__ - INFO - User guide detected with pattern: user\s+guide
2025-07-13 12:59:02,062 - __main__ - INFO - Saved user guide: data\user_guides\kommander-ka104_user_guide_2.pdf
2025-07-13 12:59:04,064 - __main__ - INFO - Checking PDF: https://www.k-array.com/pdf/warranty_rev1.pdf
2025-07-13 12:59:04,382 - __main__ - INFO - PDF is not a user guide: https://www.k-array.com/pdf/warranty_rev1.pdf
2025-07-13 12:59:06,383 - __main__ - INFO - Checking PDF: https://www.k-array.com/download-file/12598
2025-07-13 12:59:39,803 - __main__ - WARNING - Not a PDF file: https://www.k-array.com/download-file/12598
2025-07-13 12:59:39,859 - __main__ - INFO - Checking PDF: https://www.k-array.com/download-file/17058
2025-07-13 12:59:40,515 - __main__ - INFO - PDF is not a user guide: https://www.k-array.com/download-file/17058
2025-07-13 12:59:42,515 - __main__ - INFO - Checking PDF: https://www.k-array.com/download-file/9813
2025-07-13 12:59:43,821 - __main__ - INFO - PDF is not a user guide: https://www.k-array.com/download-file/9813
2025-07-13 12:59:45,822 - __main__ - INFO - Checking PDF: https://www.k-array.com/download-file/12599
2025-07-13 13:00:37,257 - __main__ - WARNING - Not a PDF file: https://www.k-array.com/download-file/12599
2025-07-13 13:00:37,317 - __main__ - INFO - Checking PDF: https://www.k-array.com/download-file/12778
2025-07-13 13:00:38,145 - __main__ - INFO - PDF is not a user guide: https://www.k-array.com/download-file/12778
2025-07-13 13:00:40,146 - __main__ - INFO - Checking PDF: https://www.k-array.com/download-file/13553
2025-07-13 13:00:54,406 - __main__ - WARNING - Not a PDF file: https://www.k-array.com/download-file/13553
2025-07-13 13:00:54,416 - __main__ - INFO - Checking PDF: https://www.k-array.com/download-file/14845
2025-07-13 13:00:55,055 - __main__ - WARNING - Not a PDF file: https://www.k-array.com/download-file/14845
2025-07-13 13:00:55,056 - __main__ - INFO - Checking PDF: https://www.k-array.com/download-file/13817
2025-07-13 13:00:55,706 - __main__ - INFO - PDF is not a user guide: https://www.k-array.com/download-file/13817
2025-07-13 13:00:57,706 - __main__ - INFO - Checking PDF: https://www.k-array.com/download-file/13902
2025-07-13 13:01:00,309 - __main__ - INFO - User guide detected with pattern: user\s+guide
2025-07-13 13:01:00,313 - __main__ - INFO - Saved user guide: data\user_guides\kommander-ka104_user_guide_3.pdf
2025-07-13 13:01:02,314 - __main__ - INFO - Checking PDF: https://www.k-array.com/download-file/13649
2025-07-13 13:01:04,099 - __main__ - WARNING - Not a PDF file: https://www.k-array.com/download-file/13649
2025-07-13 13:01:04,100 - __main__ - INFO - Checking PDF: https://www.k-array.com/download-file/13959
2025-07-13 13:01:04,965 - __main__ - INFO - PDF is not a user guide: https://www.k-array.com/download-file/13959
2025-07-13 13:01:06,966 - __main__ - INFO - Checking PDF: https://www.k-array.com/download-file/13641
2025-07-13 13:01:15,174 - __main__ - WARNING - Not a PDF file: https://www.k-array.com/download-file/13641
2025-07-13 13:01:15,183 - __main__ - INFO - 
[2/5] Processing product...
2025-07-13 13:01:15,183 - __main__ - INFO - Processing product: kommander-ka208 (https://www.k-array.com/en/product/kommander-ka208)
2025-07-13 13:01:15,183 - __main__ - INFO - Extracting PDF links from: https://www.k-array.com/en/product/kommander-ka208
2025-07-13 13:01:22,948 - __main__ - INFO - Found 24 PDF links on https://www.k-array.com/en/product/kommander-ka208
2025-07-13 13:01:22,957 - __main__ - INFO - Checking PDF: https://www.k-array.com/download-file/9800
2025-07-13 13:01:24,275 - __main__ - INFO - PDF is not a user guide: https://www.k-array.com/download-file/9800
2025-07-13 13:01:26,275 - __main__ - INFO - Checking PDF: https://www.k-array.com/download-file/13725
2025-07-13 13:01:27,960 - __main__ - WARNING - Not a PDF file: https://www.k-array.com/download-file/13725
2025-07-13 13:01:27,961 - __main__ - INFO - Checking PDF: https://www.k-array.com/download-file/14851
2025-07-13 13:01:28,945 - __main__ - WARNING - Not a PDF file: https://www.k-array.com/download-file/14851
2025-07-13 13:01:28,945 - __main__ - INFO - Checking PDF: https://www.k-array.com/download-file/15600
2025-07-13 13:01:29,709 - __main__ - WARNING - Not a PDF file: https://www.k-array.com/download-file/15600
2025-07-13 13:01:29,709 - __main__ - INFO - Checking PDF: https://www.k-array.com/download-file/15609
2025-07-13 13:01:30,575 - __main__ - WARNING - Not a PDF file: https://www.k-array.com/download-file/15609
2025-07-13 13:01:30,575 - __main__ - INFO - Checking PDF: https://www.k-array.com/download-file/13648
2025-07-13 13:01:31,399 - __main__ - WARNING - Not a PDF file: https://www.k-array.com/download-file/13648
2025-07-13 13:01:31,399 - __main__ - INFO - Checking PDF: https://www.k-array.com/download-file/14853
2025-07-13 13:01:32,451 - __main__ - WARNING - Not a PDF file: https://www.k-array.com/download-file/14853
2025-07-13 13:01:32,452 - __main__ - INFO - Checking PDF: https://www.k-array.com/download-file/13772
2025-07-13 13:01:33,186 - __main__ - INFO - PDF is not a user guide: https://www.k-array.com/download-file/13772
2025-07-13 13:01:35,186 - __main__ - INFO - Checking PDF: https://www.k-array.com/download-file/12779
2025-07-13 13:01:36,451 - __main__ - INFO - PDF is not a user guide: https://www.k-array.com/download-file/12779
2025-07-13 13:01:38,452 - __main__ - INFO - Checking PDF: https://www.k-array.com/download-file/13816
2025-07-13 13:01:39,218 - __main__ - INFO - PDF is not a user guide: https://www.k-array.com/download-file/13816
2025-07-13 13:01:41,218 - __main__ - INFO - Checking PDF: https://www.k-array.com/pdf/warranty_rev1.pdf
2025-07-13 13:01:41,881 - __main__ - INFO - PDF is not a user guide: https://www.k-array.com/pdf/warranty_rev1.pdf
2025-07-13 13:01:43,882 - __main__ - INFO - Checking PDF: https://www.k-array.com/download-file/15086
2025-07-13 13:01:44,583 - __main__ - WARNING - Not a PDF file: https://www.k-array.com/download-file/15086
2025-07-13 13:01:44,583 - __main__ - INFO - Checking PDF: https://www.k-array.com/download-file/13703
2025-07-13 13:01:45,430 - __main__ - WARNING - Not a PDF file: https://www.k-array.com/download-file/13703
2025-07-13 13:01:45,430 - __main__ - INFO - Checking PDF: https://www.k-array.com/download-file/12598
2025-07-13 13:02:13,208 - __main__ - WARNING - Not a PDF file: https://www.k-array.com/download-file/12598
2025-07-13 13:02:13,237 - __main__ - INFO - Checking PDF: https://www.k-array.com/download-file/13640
2025-07-13 13:02:23,621 - __main__ - WARNING - Not a PDF file: https://www.k-array.com/download-file/13640
2025-07-13 13:02:23,629 - __main__ - INFO - Checking PDF: https://www.k-array.com/download-file/12599
2025-07-13 13:02:59,754 - __main__ - WARNING - Not a PDF file: https://www.k-array.com/download-file/12599
2025-07-13 13:02:59,797 - __main__ - INFO - Checking PDF: https://www.k-array.com/download-file/13675
2025-07-13 13:03:00,817 - __main__ - WARNING - Not a PDF file: https://www.k-array.com/download-file/13675
2025-07-13 13:03:00,818 - __main__ - INFO - Checking PDF: https://www.k-array.com/download-file/14845
2025-07-13 13:03:01,783 - __main__ - WARNING - Not a PDF file: https://www.k-array.com/download-file/14845
2025-07-13 13:03:01,784 - __main__ - INFO - Checking PDF: https://www.k-array.com/download-file/13958
2025-07-13 13:03:02,737 - __main__ - INFO - PDF is not a user guide: https://www.k-array.com/download-file/13958
2025-07-13 13:03:04,737 - __main__ - INFO - Checking PDF: https://www.k-array.com/download-file/13901
2025-07-13 13:03:06,853 - __main__ - INFO - User guide detected with pattern: user\s+guide
2025-07-13 13:03:06,858 - __main__ - INFO - Saved user guide: data\user_guides\kommander-ka208_user_guide_2.pdf
2025-07-13 13:03:08,859 - __main__ - INFO - Checking PDF: https://www.k-array.com/download-file/13764
2025-07-13 13:03:13,224 - __main__ - WARNING - Not a PDF file: https://www.k-array.com/download-file/13764
2025-07-13 13:03:13,230 - __main__ - INFO - Checking PDF: https://www.k-array.com/download-file/17057
2025-07-13 13:03:13,846 - __main__ - INFO - PDF is not a user guide: https://www.k-array.com/download-file/17057
2025-07-13 13:03:15,847 - __main__ - INFO - Checking PDF: https://www.k-array.com/download-file/13552
2025-07-13 13:03:27,557 - __main__ - WARNING - Not a PDF file: https://www.k-array.com/download-file/13552
2025-07-13 13:03:27,568 - __main__ - INFO - Checking PDF: https://www.k-array.com/download-file/12842
2025-07-13 13:03:28,687 - __main__ - INFO - User guide detected with pattern: user\s+guide
2025-07-13 13:03:28,689 - __main__ - INFO - Saved user guide: data\user_guides\kommander-ka208_user_guide_3.pdf
2025-07-13 13:03:30,690 - __main__ - INFO - 
[3/5] Processing product...
2025-07-13 13:03:30,691 - __main__ - INFO - Processing product: domino-kf26 (https://www.k-array.com/en/product/domino-kf26)
2025-07-13 13:03:30,691 - __main__ - INFO - Extracting PDF links from: https://www.k-array.com/en/product/domino-kf26
2025-07-13 13:03:42,194 - __main__ - INFO - Found 11 PDF links on https://www.k-array.com/en/product/domino-kf26
2025-07-13 13:03:42,204 - __main__ - INFO - Checking PDF: https://www.k-array.com/download-file/12783
2025-07-13 13:03:43,215 - __main__ - INFO - PDF is not a user guide: https://www.k-array.com/download-file/12783
2025-07-13 13:03:45,216 - __main__ - INFO - Checking PDF: https://www.k-array.com/pdf/warranty_rev1.pdf
2025-07-13 13:03:45,764 - __main__ - INFO - PDF is not a user guide: https://www.k-array.com/pdf/warranty_rev1.pdf
2025-07-13 13:03:47,765 - __main__ - INFO - Checking PDF: https://www.k-array.com/download-file/9919
2025-07-13 13:03:48,853 - __main__ - INFO - PDF is not a user guide: https://www.k-array.com/download-file/9919
2025-07-13 13:03:50,854 - __main__ - INFO - Checking PDF: https://www.k-array.com/download-file/15597
2025-07-13 13:03:51,716 - __main__ - WARNING - Not a PDF file: https://www.k-array.com/download-file/15597
2025-07-13 13:03:51,717 - __main__ - INFO - Checking PDF: https://www.k-array.com/download-file/9912
2025-07-13 13:03:52,744 - __main__ - INFO - PDF is not a user guide: https://www.k-array.com/download-file/9912
2025-07-13 13:03:54,744 - __main__ - INFO - Checking PDF: https://www.k-array.com/download-file/9915
2025-07-13 13:03:55,694 - __main__ - INFO - User guide detected with pattern: user\s+guide
2025-07-13 13:03:55,696 - __main__ - INFO - Saved user guide: data\user_guides\domino-kf26_user_guide_1.pdf
2025-07-13 13:03:57,698 - __main__ - INFO - Checking PDF: https://www.k-array.com/download-file/9917
2025-07-13 13:03:58,680 - __main__ - WARNING - Not a PDF file: https://www.k-array.com/download-file/9917
2025-07-13 13:03:58,681 - __main__ - INFO - Checking PDF: https://www.k-array.com/download-file/9916
2025-07-13 13:03:59,604 - __main__ - WARNING - Not a PDF file: https://www.k-array.com/download-file/9916
2025-07-13 13:03:59,605 - __main__ - INFO - Checking PDF: https://www.k-array.com/download-file/9921
2025-07-13 13:04:00,140 - __main__ - INFO - PDF is not a user guide: https://www.k-array.com/download-file/9921
2025-07-13 13:04:02,140 - __main__ - INFO - Checking PDF: https://www.k-array.com/download-file/9922
2025-07-13 13:04:02,821 - __main__ - WARNING - Not a PDF file: https://www.k-array.com/download-file/9922
2025-07-13 13:04:02,822 - __main__ - INFO - Checking PDF: https://www.k-array.com/download-file/9927
2025-07-13 13:04:04,123 - __main__ - WARNING - Not a PDF file: https://www.k-array.com/download-file/9927
2025-07-13 13:04:04,124 - __main__ - INFO - 
[4/5] Processing product...
2025-07-13 13:04:04,124 - __main__ - INFO - Processing product: kommander-ka24 (https://www.k-array.com/en/product/kommander-ka24)
2025-07-13 13:04:04,124 - __main__ - INFO - Extracting PDF links from: https://www.k-array.com/en/product/kommander-ka24
2025-07-13 13:04:09,575 - __main__ - INFO - Found 5 PDF links on https://www.k-array.com/en/product/kommander-ka24
2025-07-13 13:04:09,585 - __main__ - INFO - Checking PDF: https://www.k-array.com/download-file/10989
2025-07-13 13:04:11,543 - __main__ - INFO - User guide detected with pattern: user\s+guide
2025-07-13 13:04:11,545 - __main__ - INFO - Saved user guide: data\user_guides\kommander-ka24_user_guide_1.pdf
2025-07-13 13:04:13,546 - __main__ - INFO - Checking PDF: https://www.k-array.com/download-file/10993
2025-07-13 13:04:14,968 - __main__ - WARNING - Not a PDF file: https://www.k-array.com/download-file/10993
2025-07-13 13:04:14,969 - __main__ - INFO - Checking PDF: https://www.k-array.com/download-file/10986
2025-07-13 13:04:16,038 - __main__ - INFO - PDF is not a user guide: https://www.k-array.com/download-file/10986
2025-07-13 13:04:18,038 - __main__ - INFO - Checking PDF: https://www.k-array.com/pdf/warranty_rev1.pdf
2025-07-13 13:04:18,545 - __main__ - INFO - PDF is not a user guide: https://www.k-array.com/pdf/warranty_rev1.pdf
2025-07-13 13:04:20,546 - __main__ - INFO - Checking PDF: https://www.k-array.com/download-file/10991
2025-07-13 13:04:21,419 - __main__ - WARNING - Not a PDF file: https://www.k-array.com/download-file/10991
2025-07-13 13:04:21,419 - __main__ - INFO - 
[5/5] Processing product...
2025-07-13 13:04:21,419 - __main__ - INFO - Processing product: python-kp52-i (https://www.k-array.com/en/product/python-kp52-i)
2025-07-13 13:04:21,419 - __main__ - INFO - Extracting PDF links from: https://www.k-array.com/en/product/python-kp52-i
2025-07-13 13:04:27,737 - __main__ - INFO - Found 16 PDF links on https://www.k-array.com/en/product/python-kp52-i
2025-07-13 13:04:27,746 - __main__ - INFO - Checking PDF: https://www.k-array.com/download-file/15293
2025-07-13 13:04:29,406 - __main__ - INFO - User guide detected with pattern: user\s+guide
2025-07-13 13:04:29,408 - __main__ - INFO - Saved user guide: data\user_guides\python-kp52-i_user_guide_2.pdf
2025-07-13 13:04:31,409 - __main__ - INFO - Checking PDF: https://www.k-array.com/download-file/10030
2025-07-13 13:04:32,088 - __main__ - WARNING - Not a PDF file: https://www.k-array.com/download-file/10030
2025-07-13 13:04:32,089 - __main__ - INFO - Checking PDF: https://www.k-array.com/download-file/10043
2025-07-13 13:04:33,288 - __main__ - INFO - PDF is not a user guide: https://www.k-array.com/download-file/10043
2025-07-13 13:04:35,288 - __main__ - INFO - Checking PDF: https://www.k-array.com/download-file/10028
2025-07-13 13:04:36,067 - __main__ - WARNING - Not a PDF file: https://www.k-array.com/download-file/10028
2025-07-13 13:04:36,067 - __main__ - INFO - Checking PDF: https://www.k-array.com/download-file/10038
2025-07-13 13:04:36,719 - __main__ - INFO - PDF is not a user guide: https://www.k-array.com/download-file/10038
2025-07-13 13:04:38,719 - __main__ - INFO - Checking PDF: https://www.k-array.com/download-file/10021
2025-07-13 13:04:40,368 - __main__ - INFO - User guide detected with pattern: user\s+guide
2025-07-13 13:04:40,370 - __main__ - INFO - Saved user guide: data\user_guides\python-kp52-i_user_guide_3.pdf
2025-07-13 13:04:42,371 - __main__ - INFO - Checking PDF: https://www.k-array.com/download-file/10026
2025-07-13 13:04:43,531 - __main__ - WARNING - Not a PDF file: https://www.k-array.com/download-file/10026
2025-07-13 13:04:43,532 - __main__ - INFO - Checking PDF: https://www.k-array.com/download-file/10040
2025-07-13 13:04:44,244 - __main__ - WARNING - Not a PDF file: https://www.k-array.com/download-file/10040
2025-07-13 13:04:44,245 - __main__ - INFO - Checking PDF: https://www.k-array.com/download-file/10046
2025-07-13 13:04:45,318 - __main__ - WARNING - Not a PDF file: https://www.k-array.com/download-file/10046
2025-07-13 13:04:45,318 - __main__ - INFO - Checking PDF: https://www.k-array.com/download-file/10034
2025-07-13 13:04:45,924 - __main__ - WARNING - Not a PDF file: https://www.k-array.com/download-file/10034
2025-07-13 13:04:45,924 - __main__ - INFO - Checking PDF: https://www.k-array.com/download-file/10020
2025-07-13 13:04:46,639 - __main__ - INFO - PDF is not a user guide: https://www.k-array.com/download-file/10020
2025-07-13 13:04:48,640 - __main__ - INFO - Checking PDF: https://www.k-array.com/download-file/10036
2025-07-13 13:04:49,366 - __main__ - WARNING - Not a PDF file: https://www.k-array.com/download-file/10036
2025-07-13 13:04:49,368 - __main__ - INFO - Checking PDF: https://www.k-array.com/download-file/10042
2025-07-13 13:04:51,219 - __main__ - WARNING - Not a PDF file: https://www.k-array.com/download-file/10042
2025-07-13 13:04:51,219 - __main__ - INFO - Checking PDF: https://www.k-array.com/pdf/warranty_rev1.pdf
2025-07-13 13:04:51,499 - __main__ - INFO - PDF is not a user guide: https://www.k-array.com/pdf/warranty_rev1.pdf
2025-07-13 13:04:53,500 - __main__ - INFO - Checking PDF: https://www.k-array.com/download-file/10024
2025-07-13 13:04:54,692 - __main__ - WARNING - Not a PDF file: https://www.k-array.com/download-file/10024
2025-07-13 13:04:54,692 - __main__ - INFO - Checking PDF: https://www.k-array.com/download-file/10032
2025-07-13 13:04:55,552 - __main__ - WARNING - Not a PDF file: https://www.k-array.com/download-file/10032
2025-07-13 13:04:55,553 - __main__ - INFO - 
============================================================
2025-07-13 13:04:55,555 - __main__ - INFO - ============================================================
2025-07-13 13:04:55,561 - __main__ - INFO -    python3 integrate_pdf_content.py
